<!DOCTYPE suite SYSTEM "http://testng.org/testng-1.0.dtd" >
<suite name="Model all unit tests" verbose="1">
    <listeners>
        <listener class-name="com.abiquo.testng.TestDatabaseListener" />
    </listeners>
    
	<test name="All tests">
		<groups>
			<run>
                <include name="model" />
				<include name="dataaccess" />
			</run>
		</groups>
		<packages>
            <package name="com.abiquo.model.util.*" />
			<package name="com.abiquo.server.core.*" />
		</packages>
	</test>
</suite>
