<?xml version="1.0" encoding="UTF-8"?>
<!-- Generated by org.testng.reporters.JUnitReportReporter -->
<testsuite hostname="scastro" name="com.abiquo.server.core.enterprise.EnterpriseTest" tests="7" failures="0" timestamp="26 Apr 2011 08:08:23 GMT" time="0,017" errors="0">
  <testcase name="test_checkLimitStatus" time="0,000" classname="com.abiquo.server.core.enterprise.EnterpriseTest"/>
  <testcase name="test_setHdLimitsInMb" time="0,001" classname="com.abiquo.server.core.enterprise.EnterpriseTest"/>
  <testcase name="test_isValid" time="0,015" classname="com.abiquo.server.core.enterprise.EnterpriseTest"/>
  <testcase name="toString_forCodeCoverage" time="0,000" classname="com.abiquo.server.core.enterprise.EnterpriseTest"/>
  <testcase name="test_setRamLimitsInMb" time="0,000" classname="com.abiquo.server.core.enterprise.EnterpriseTest"/>
  <testcase name="test_isValidLimitRange" time="0,001" classname="com.abiquo.server.core.enterprise.EnterpriseTest"/>
  <testcase name="test_setCpuCountLimitsInMb" time="0,000" classname="com.abiquo.server.core.enterprise.EnterpriseTest"/>
</testsuite>
