<?xml version="1.0" encoding="UTF-8"?>
<!-- Generated by org.testng.reporters.JUnitReportReporter -->
<testsuite hostname="scastro" name="com.abiquo.server.core.config.SystemPropertyDAOTest" tests="38" failures="0" timestamp="26 Apr 2011 08:08:23 GMT" time="0,985" errors="0">
  <testcase name="test_isManaged_preconditionEntityManagerMustBeOpen" time="0,001" classname="com.abiquo.server.core.config.SystemPropertyDAOTest"/>
  <testcase name="test_constructor_preconditionEntityManagerMustBeOpen" time="0,001" classname="com.abiquo.server.core.config.SystemPropertyDAOTest"/>
  <testcase name="test_persist_preconditionEntityMustNotBeManaged" time="0,002" classname="com.abiquo.server.core.config.SystemPropertyDAOTest"/>
  <testcase name="test_persist" time="0,046" classname="com.abiquo.server.core.config.SystemPropertyDAOTest"/>
  <testcase name="test_isOpen" time="0,000" classname="com.abiquo.server.core.config.SystemPropertyDAOTest"/>
  <testcase name="test_persist_preconditionEntityManagerMustBeInReadWriteTransaction" time="0,001" classname="com.abiquo.server.core.config.SystemPropertyDAOTest"/>
  <testcase name="test_remove_preconditionEntityMustNotBeNull" time="0,001" classname="com.abiquo.server.core.config.SystemPropertyDAOTest"/>
  <testcase name="test_isManaged_preconditionEntityManagerMustBeInTransaction" time="0,001" classname="com.abiquo.server.core.config.SystemPropertyDAOTest"/>
  <testcase name="test_remove_preconditionEntityMustBeManaged" time="0,051" classname="com.abiquo.server.core.config.SystemPropertyDAOTest"/>
  <testcase name="test_remove_preconditionEntityManagerMustBeInReadWriteTransaction" time="0,049" classname="com.abiquo.server.core.config.SystemPropertyDAOTest"/>
  <testcase name="test_findById" time="0,050" classname="com.abiquo.server.core.config.SystemPropertyDAOTest"/>
  <testcase name="test_remove_preconditionEntityManagerMustBeOpen" time="0,052" classname="com.abiquo.server.core.config.SystemPropertyDAOTest"/>
  <testcase name="test_persist_preconditionEntityManagerMustBeOpen" time="0,002" classname="com.abiquo.server.core.config.SystemPropertyDAOTest"/>
  <testcase name="test_findAll_preconditionEntityManagerMustBeOpen" time="0,001" classname="com.abiquo.server.core.config.SystemPropertyDAOTest"/>
  <testcase name="test_existsAnyWithName" time="0,051" classname="com.abiquo.server.core.config.SystemPropertyDAOTest"/>
  <testcase name="test_findExistingById_preconditionIdMustNotBeNull" time="0,000" classname="com.abiquo.server.core.config.SystemPropertyDAOTest"/>
  <testcase name="test_isInRollbackTransaction_preconditionEntityManagerIsOpen" time="0,001" classname="com.abiquo.server.core.config.SystemPropertyDAOTest"/>
  <testcase name="test_findByName" time="0,053" classname="com.abiquo.server.core.config.SystemPropertyDAOTest"/>
  <testcase name="test_findExistingById_preconditionIdEntityManagerMustBeOpen" time="0,051" classname="com.abiquo.server.core.config.SystemPropertyDAOTest"/>
  <testcase name="test_findById_preconditionIdMustNotBeNull" time="0,001" classname="com.abiquo.server.core.config.SystemPropertyDAOTest"/>
  <testcase name="test_remove" time="0,099" classname="com.abiquo.server.core.config.SystemPropertyDAOTest"/>
  <testcase name="test_isInReadWriteTransaction" time="0,001" classname="com.abiquo.server.core.config.SystemPropertyDAOTest"/>
  <testcase name="test_isInTransaction" time="0,000" classname="com.abiquo.server.core.config.SystemPropertyDAOTest"/>
  <testcase name="test_existsAnyOtherWithName" time="0,055" classname="com.abiquo.server.core.config.SystemPropertyDAOTest"/>
  <testcase name="test_isInTransaction_preconditionEntityManagerIsOpen" time="0,001" classname="com.abiquo.server.core.config.SystemPropertyDAOTest"/>
  <testcase name="test_findById_preconditionIdEntityManagerMustBeInTransaction" time="0,042" classname="com.abiquo.server.core.config.SystemPropertyDAOTest"/>
  <testcase name="test_findAll_preconditionEntityManagerMustBeInTransaction" time="0,001" classname="com.abiquo.server.core.config.SystemPropertyDAOTest"/>
  <testcase name="test_findByComponent" time="0,056" classname="com.abiquo.server.core.config.SystemPropertyDAOTest"/>
  <testcase name="test_isManaged" time="0,100" classname="com.abiquo.server.core.config.SystemPropertyDAOTest"/>
  <testcase name="test_findExistingById" time="0,045" classname="com.abiquo.server.core.config.SystemPropertyDAOTest"/>
  <testcase name="test_findById_preconditionIdEntityManagerMustBeOpen" time="0,051" classname="com.abiquo.server.core.config.SystemPropertyDAOTest"/>
  <testcase name="test_findAll" time="0,060" classname="com.abiquo.server.core.config.SystemPropertyDAOTest"/>
  <testcase name="test_remove_preconditionEntityMustNotBeRemoved" time="0,002" classname="com.abiquo.server.core.config.SystemPropertyDAOTest"/>
  <testcase name="test_findExistingById_preconditionIdEntityManagerMustBeInTransaction" time="0,051" classname="com.abiquo.server.core.config.SystemPropertyDAOTest"/>
  <testcase name="test_isInReadWriteTransaction_preconditionEntityManagerIsOpen" time="0,001" classname="com.abiquo.server.core.config.SystemPropertyDAOTest"/>
  <testcase name="test_persist_preconditionEntityMustNotBeNull" time="0,001" classname="com.abiquo.server.core.config.SystemPropertyDAOTest"/>
  <testcase name="test_isInRollbackTransaction" time="0,000" classname="com.abiquo.server.core.config.SystemPropertyDAOTest"/>
  <testcase name="test_isManaged_preconditionEntityMustNotBeNull" time="0,004" classname="com.abiquo.server.core.config.SystemPropertyDAOTest"/>
</testsuite>
