<?xml version="1.0" encoding="UTF-8"?>
<!-- Generated by org.testng.reporters.JUnitReportReporter -->
<testsuite hostname="scastro" name="com.abiquo.server.core.cloud.VirtualMachineTest" tests="2" failures="0" timestamp="26 Apr 2011 08:08:23 GMT" time="0,008" errors="0">
  <testcase name="toString_forCodeCoverage" time="0,001" classname="com.abiquo.server.core.cloud.VirtualMachineTest"/>
  <testcase name="test_isValid" time="0,007" classname="com.abiquo.server.core.cloud.VirtualMachineTest"/>
</testsuite>
