<?xml version="1.0" encoding="UTF-8"?>
<!-- Generated by org.testng.reporters.JUnitReportReporter -->
<testsuite hostname="scastro" name="com.abiquo.server.core.cloud.VirtualDatacenterTest" tests="3" failures="0" timestamp="26 Apr 2011 08:08:23 GMT" time="0,046" errors="0">
  <testcase name="shouldNotBeValidWithInvalidLimits" time="0,031" classname="com.abiquo.server.core.cloud.VirtualDatacenterTest"/>
  <testcase name="test_isValid" time="0,015" classname="com.abiquo.server.core.cloud.VirtualDatacenterTest"/>
  <testcase name="toString_forCodeCoverage" time="0,000" classname="com.abiquo.server.core.cloud.VirtualDatacenterTest"/>
</testsuite>
