<?xml version="1.0" encoding="UTF-8"?>
<!-- Generated by org.testng.reporters.JUnitReportReporter -->
<testsuite hostname="scastro" name="com.abiquo.server.core.cloud.VirtualDatacenterRepTest" tests="7" failures="0" timestamp="26 Apr 2011 08:08:23 GMT" time="0,584" errors="0">
  <testcase name="testFindAllVLANNetworksByVirtualDatacenter" time="0,086" classname="com.abiquo.server.core.cloud.VirtualDatacenterRepTest"/>
  <testcase name="testFindVLANNetworkById" time="0,060" classname="com.abiquo.server.core.cloud.VirtualDatacenterRepTest"/>
  <testcase name="testFindZeroVLANNetworksByDatacenter" time="0,068" classname="com.abiquo.server.core.cloud.VirtualDatacenterRepTest"/>
  <testcase name="testFindAllVLANNetworks" time="0,071" classname="com.abiquo.server.core.cloud.VirtualDatacenterRepTest"/>
  <testcase name="test_findAllDatacenters" time="0,070" classname="com.abiquo.server.core.cloud.VirtualDatacenterRepTest"/>
  <testcase name="deleteVirtualDatacenter" time="0,169" classname="com.abiquo.server.core.cloud.VirtualDatacenterRepTest"/>
  <testcase name="test_findVirtualDatacenterById" time="0,060" classname="com.abiquo.server.core.cloud.VirtualDatacenterRepTest"/>
</testsuite>
