<?xml version="1.0" encoding="UTF-8"?>
<!-- Generated by org.testng.reporters.JUnitReportReporter -->
<testsuite hostname="scastro" name="com.abiquo.server.core.infrastructure.MachineDAOTest" tests="41" failures="0" timestamp="26 Apr 2011 08:08:23 GMT" time="1,523" errors="0">
  <testcase name="test_persist_preconditionEntityManagerMustBeOpen" time="0,001" classname="com.abiquo.server.core.infrastructure.MachineDAOTest"/>
  <testcase name="test_concurrentDeletion" time="0,102" classname="com.abiquo.server.core.infrastructure.MachineDAOTest"/>
  <testcase name="test_remove_preconditionEntityMustBeManaged" time="0,050" classname="com.abiquo.server.core.infrastructure.MachineDAOTest"/>
  <testcase name="test_isInRollbackTransaction" time="0,001" classname="com.abiquo.server.core.infrastructure.MachineDAOTest"/>
  <testcase name="test_isManaged_preconditionEntityManagerMustBeInTransaction" time="0,001" classname="com.abiquo.server.core.infrastructure.MachineDAOTest"/>
  <testcase name="test_findById" time="0,053" classname="com.abiquo.server.core.infrastructure.MachineDAOTest"/>
  <testcase name="test_remove_preconditionEntityManagerMustBeInReadWriteTransaction" time="0,051" classname="com.abiquo.server.core.infrastructure.MachineDAOTest"/>
  <testcase name="test_persist" time="0,050" classname="com.abiquo.server.core.infrastructure.MachineDAOTest"/>
  <testcase name="test_findRackMachines" time="0,058" classname="com.abiquo.server.core.infrastructure.MachineDAOTest"/>
  <testcase name="test_findExistingById_preconditionIdMustNotBeNull" time="0,004" classname="com.abiquo.server.core.infrastructure.MachineDAOTest"/>
  <testcase name="test_remove_preconditionEntityMustNotBeNull" time="0,001" classname="com.abiquo.server.core.infrastructure.MachineDAOTest"/>
  <testcase name="test_findMachines" time="0,054" classname="com.abiquo.server.core.infrastructure.MachineDAOTest"/>
  <testcase name="test_isManaged_preconditionEntityMustNotBeNull" time="0,001" classname="com.abiquo.server.core.infrastructure.MachineDAOTest"/>
  <testcase name="test_existsAnyWithDatacenterAndName" time="0,052" classname="com.abiquo.server.core.infrastructure.MachineDAOTest"/>
  <testcase name="test_existsAnyOtherWithDatacenterAndName" time="0,091" classname="com.abiquo.server.core.infrastructure.MachineDAOTest"/>
  <testcase name="test_persist_preconditionEntityMustNotBeManaged" time="0,002" classname="com.abiquo.server.core.infrastructure.MachineDAOTest"/>
  <testcase name="test_isInReadWriteTransaction_preconditionEntityManagerIsOpen" time="0,001" classname="com.abiquo.server.core.infrastructure.MachineDAOTest"/>
  <testcase name="test_findAll_preconditionEntityManagerMustBeOpen" time="0,001" classname="com.abiquo.server.core.infrastructure.MachineDAOTest"/>
  <testcase name="test_remove_preconditionEntityMustNotBeRemoved" time="0,004" classname="com.abiquo.server.core.infrastructure.MachineDAOTest"/>
  <testcase name="test_persist_preconditionEntityManagerMustBeInReadWriteTransaction" time="0,001" classname="com.abiquo.server.core.infrastructure.MachineDAOTest"/>
  <testcase name="test_isInRollbackTransaction_preconditionEntityManagerIsOpen" time="0,001" classname="com.abiquo.server.core.infrastructure.MachineDAOTest"/>
  <testcase name="test_isOpen" time="0,000" classname="com.abiquo.server.core.infrastructure.MachineDAOTest"/>
  <testcase name="test_findExistingById_preconditionIdEntityManagerMustBeOpen" time="0,051" classname="com.abiquo.server.core.infrastructure.MachineDAOTest"/>
  <testcase name="test_findAll" time="0,065" classname="com.abiquo.server.core.infrastructure.MachineDAOTest"/>
  <testcase name="test_isManaged" time="0,097" classname="com.abiquo.server.core.infrastructure.MachineDAOTest"/>
  <testcase name="test_concurrenUpdate" time="0,155" classname="com.abiquo.server.core.infrastructure.MachineDAOTest"/>
  <testcase name="test_findById_preconditionIdEntityManagerMustBeInTransaction" time="0,051" classname="com.abiquo.server.core.infrastructure.MachineDAOTest"/>
  <testcase name="test_isInReadWriteTransaction" time="0,000" classname="com.abiquo.server.core.infrastructure.MachineDAOTest"/>
  <testcase name="test_findAll_preconditionEntityManagerMustBeInTransaction" time="0,001" classname="com.abiquo.server.core.infrastructure.MachineDAOTest"/>
  <testcase name="test_constructor_preconditionEntityManagerMustBeOpen" time="0,001" classname="com.abiquo.server.core.infrastructure.MachineDAOTest"/>
  <testcase name="test_isManaged_preconditionEntityManagerMustBeOpen" time="0,049" classname="com.abiquo.server.core.infrastructure.MachineDAOTest"/>
  <testcase name="test_remove" time="0,102" classname="com.abiquo.server.core.infrastructure.MachineDAOTest"/>
  <testcase name="test_remove_preconditionEntityManagerMustBeOpen" time="0,051" classname="com.abiquo.server.core.infrastructure.MachineDAOTest"/>
  <testcase name="test_findById_preconditionIdMustNotBeNull" time="0,001" classname="com.abiquo.server.core.infrastructure.MachineDAOTest"/>
  <testcase name="test_findById_preconditionIdEntityManagerMustBeOpen" time="0,051" classname="com.abiquo.server.core.infrastructure.MachineDAOTest"/>
  <testcase name="test_isInTransaction" time="0,001" classname="com.abiquo.server.core.infrastructure.MachineDAOTest"/>
  <testcase name="test_isInTransaction_preconditionEntityManagerIsOpen" time="0,000" classname="com.abiquo.server.core.infrastructure.MachineDAOTest"/>
  <testcase name="test_deleteRackMachines" time="0,170" classname="com.abiquo.server.core.infrastructure.MachineDAOTest"/>
  <testcase name="test_findExistingById" time="0,053" classname="com.abiquo.server.core.infrastructure.MachineDAOTest"/>
  <testcase name="test_persist_preconditionEntityMustNotBeNull" time="0,001" classname="com.abiquo.server.core.infrastructure.MachineDAOTest"/>
  <testcase name="test_findExistingById_preconditionIdEntityManagerMustBeInTransaction" time="0,043" classname="com.abiquo.server.core.infrastructure.MachineDAOTest"/>
</testsuite>
