<?xml version="1.0" encoding="UTF-8"?>
<!-- Generated by org.testng.reporters.JUnitReportReporter -->
<testsuite hostname="scastro" name="com.abiquo.server.core.infrastructure.DatacenterRepTest" tests="34" failures="0" timestamp="26 Apr 2011 08:08:23 GMT" time="2,343" errors="0">
  <testcase name="test_existsAnyOtherMachineWithName" time="0,062" classname="com.abiquo.server.core.infrastructure.DatacenterRepTest"/>
  <testcase name="createDatastoreWithMachine" time="0,131" classname="com.abiquo.server.core.infrastructure.DatacenterRepTest"/>
  <testcase name="test_insertRack" time="0,053" classname="com.abiquo.server.core.infrastructure.DatacenterRepTest"/>
  <testcase name="test_existsAnyWithName" time="0,066" classname="com.abiquo.server.core.infrastructure.DatacenterRepTest"/>
  <testcase name="test_delete" time="0,001" classname="com.abiquo.server.core.infrastructure.DatacenterRepTest"/>
  <testcase name="test_deleteRack" time="0,001" classname="com.abiquo.server.core.infrastructure.DatacenterRepTest"/>
  <testcase name="test_updateMachine" time="0,102" classname="com.abiquo.server.core.infrastructure.DatacenterRepTest"/>
  <testcase name="test_insertRack_withDuplicatedName" time="0,052" classname="com.abiquo.server.core.infrastructure.DatacenterRepTest"/>
  <testcase name="test_findDatacenterById" time="0,051" classname="com.abiquo.server.core.infrastructure.DatacenterRepTest"/>
  <testcase name="test_existsAnyOtherRackWithName" time="0,053" classname="com.abiquo.server.core.infrastructure.DatacenterRepTest"/>
  <testcase name="test_updateRack_withDuplicatedName" time="0,053" classname="com.abiquo.server.core.infrastructure.DatacenterRepTest"/>
  <testcase name="test_insert_withDuplicatedName" time="0,052" classname="com.abiquo.server.core.infrastructure.DatacenterRepTest"/>
  <testcase name="findDatastoreById" time="0,051" classname="com.abiquo.server.core.infrastructure.DatacenterRepTest"/>
  <testcase name="test_existsAnyMachineWithName" time="0,058" classname="com.abiquo.server.core.infrastructure.DatacenterRepTest"/>
  <testcase name="updateDatastoreWithMachine" time="0,150" classname="com.abiquo.server.core.infrastructure.DatacenterRepTest"/>
  <testcase name="test_insertMachine" time="0,053" classname="com.abiquo.server.core.infrastructure.DatacenterRepTest"/>
  <testcase name="test_updateRack" time="0,101" classname="com.abiquo.server.core.infrastructure.DatacenterRepTest"/>
  <testcase name="test_update" time="0,101" classname="com.abiquo.server.core.infrastructure.DatacenterRepTest"/>
  <testcase name="test_existsAnyOtherWithName" time="0,057" classname="com.abiquo.server.core.infrastructure.DatacenterRepTest"/>
  <testcase name="test_deleteMachine" time="0,000" classname="com.abiquo.server.core.infrastructure.DatacenterRepTest"/>
  <testcase name="test_findRackById" time="0,051" classname="com.abiquo.server.core.infrastructure.DatacenterRepTest"/>
  <testcase name="createHypervisor" time="0,110" classname="com.abiquo.server.core.infrastructure.DatacenterRepTest"/>
  <testcase name="createOrUpdateDatastoreWithDuplicatedDirectory" time="0,136" classname="com.abiquo.server.core.infrastructure.DatacenterRepTest"/>
  <testcase name="test_updateMachine_withDuplicatedName" time="0,053" classname="com.abiquo.server.core.infrastructure.DatacenterRepTest"/>
  <testcase name="test_findMachineById" time="0,060" classname="com.abiquo.server.core.infrastructure.DatacenterRepTest"/>
  <testcase name="test_insert" time="0,051" classname="com.abiquo.server.core.infrastructure.DatacenterRepTest"/>
  <testcase name="test_existsAnyRackWithName" time="0,054" classname="com.abiquo.server.core.infrastructure.DatacenterRepTest"/>
  <testcase name="test_update_withDuplicatedName" time="0,052" classname="com.abiquo.server.core.infrastructure.DatacenterRepTest"/>
  <testcase name="test_findRackMachines" time="0,105" classname="com.abiquo.server.core.infrastructure.DatacenterRepTest"/>
  <testcase name="test_insertMachine_withDuplicatedName" time="0,044" classname="com.abiquo.server.core.infrastructure.DatacenterRepTest"/>
  <testcase name="createOrUpdateDatastoreWithDuplicatedName" time="0,152" classname="com.abiquo.server.core.infrastructure.DatacenterRepTest"/>
  <testcase name="test_findMachines" time="0,055" classname="com.abiquo.server.core.infrastructure.DatacenterRepTest"/>
  <testcase name="test_findRacks" time="0,062" classname="com.abiquo.server.core.infrastructure.DatacenterRepTest"/>
  <testcase name="test_findAllDatacenters" time="0,110" classname="com.abiquo.server.core.infrastructure.DatacenterRepTest"/>
</testsuite>
