<?xml version="1.0" encoding="UTF-8"?>
<!-- Generated by org.testng.reporters.JUnitReportReporter -->
<testsuite hostname="scastro" name="com.abiquo.server.core.enterprise.EnterpriseRepTest" tests="9" failures="0" timestamp="26 Apr 2011 08:08:23 GMT" time="0,662" errors="0">
  <testcase name="test_update" time="0,101" classname="com.abiquo.server.core.enterprise.EnterpriseRepTest"/>
  <testcase name="test_update_checksDuplicatedName" time="0,054" classname="com.abiquo.server.core.enterprise.EnterpriseRepTest"/>
  <testcase name="test_findById" time="0,051" classname="com.abiquo.server.core.enterprise.EnterpriseRepTest"/>
  <testcase name="test_findByNameAnywhere" time="0,055" classname="com.abiquo.server.core.enterprise.EnterpriseRepTest"/>
  <testcase name="test_insert" time="0,102" classname="com.abiquo.server.core.enterprise.EnterpriseRepTest"/>
  <testcase name="test_existsAnyOtherWithName" time="0,061" classname="com.abiquo.server.core.enterprise.EnterpriseRepTest"/>
  <testcase name="deleteEnterpriseWithImagesAndConversions" time="0,134" classname="com.abiquo.server.core.enterprise.EnterpriseRepTest"/>
  <testcase name="test_existsAnyWithName" time="0,052" classname="com.abiquo.server.core.enterprise.EnterpriseRepTest"/>
  <testcase name="test_insert_checksDuplicatedName" time="0,052" classname="com.abiquo.server.core.enterprise.EnterpriseRepTest"/>
</testsuite>
